<?xml version="1.0" encoding="UTF-8"?>
<testng-results ignored="0" total="2" passed="2" failed="0" skipped="0">
  <reporter-output>
  </reporter-output>
  <suite started-at="2023-12-11T12:52:52 IST" name="Default suite" finished-at="2023-12-11T12:53:09 IST" duration-ms="16476">
    <groups>
      <group name="cucumber">
        <method signature="AbstractTestNGCucumberTests.runScenario(io.cucumber.testng.PickleWrapper,io.cucumber.testng.FeatureWrapper)[pri:0, instance:CucumberOption.TestRunnerClass@6f204a1a]" name="runScenario" class="io.cucumber.testng.AbstractTestNGCucumberTests"/>
      </group> <!-- cucumber -->
    </groups>
    <test started-at="2023-12-11T12:52:52 IST" name="Default test" finished-at="2023-12-11T12:53:09 IST" duration-ms="16476">
      <class name="CucumberOption.TestRunnerClass">
        <test-method is-config="true" signature="setUpClass(org.testng.ITestContext)[pri:0, instance:CucumberOption.TestRunnerClass@6f204a1a]" started-at="2023-12-11T12:52:52 IST" name="setUpClass" finished-at="2023-12-11T12:52:53 IST" duration-ms="714" status="PASS">
          <params>
            <param index="0">
              <value>
                <![CDATA[org.testng.TestRunner@5767b2af]]>
              </value>
            </param>
          </params>
          <reporter-output>
          </reporter-output>
        </test-method> <!-- setUpClass -->
        <test-method signature="runScenario(io.cucumber.testng.PickleWrapper,io.cucumber.testng.FeatureWrapper)[pri:0, instance:CucumberOption.TestRunnerClass@6f204a1a]" started-at="2023-12-11T12:52:53 IST" name="runScenario" description="Runs Cucumber Scenarios" data-provider="scenarios" finished-at="2023-12-11T12:53:09 IST" duration-ms="15605" status="PASS">
          <params>
            <param index="0">
              <value>
                <![CDATA["Confirm accessibility of the top-level menus"]]>
              </value>
            </param>
            <param index="1">
              <value>
                <![CDATA["Tendable Tech Challenge"]]>
              </value>
            </param>
          </params>
          <reporter-output>
          </reporter-output>
        </test-method> <!-- runScenario -->
        <test-method signature="runScenario(io.cucumber.testng.PickleWrapper,io.cucumber.testng.FeatureWrapper)[pri:0, instance:CucumberOption.TestRunnerClass@6f204a1a]" started-at="2023-12-11T12:52:53 IST" name="runScenario" description="Runs Cucumber Scenarios" data-provider="scenarios" finished-at="2023-12-11T12:53:06 IST" duration-ms="12922" status="PASS">
          <params>
            <param index="0">
              <value>
                <![CDATA["Validate error massage"]]>
              </value>
            </param>
            <param index="1">
              <value>
                <![CDATA["Tendable Tech Challenge"]]>
              </value>
            </param>
          </params>
          <reporter-output>
          </reporter-output>
        </test-method> <!-- runScenario -->
        <test-method is-config="true" signature="tearDownClass()[pri:0, instance:CucumberOption.TestRunnerClass@6f204a1a]" started-at="2023-12-11T12:53:09 IST" name="tearDownClass" finished-at="2023-12-11T12:53:09 IST" duration-ms="106" status="PASS">
          <reporter-output>
          </reporter-output>
        </test-method> <!-- tearDownClass -->
      </class> <!-- CucumberOption.TestRunnerClass -->
    </test> <!-- Default test -->
  </suite> <!-- Default suite -->
</testng-results>
